{"/Users/jarkko/_dev/vaibaamo-calendar/app/src/contexts/AuthContext.tsx": {"path":"/Users/jarkko/_dev/vaibaamo-calendar/app/src/contexts/AuthContext.tsx","statementMap":{"0":{"start":{"line":13,"column":6},"end":{"line":19,"column":null}},"1":{"start":{"line":21,"column":23},"end":{"line":23,"column":null}},"2":{"start":{"line":22,"column":4},"end":{"line":22,"column":null}},"3":{"start":{"line":26,"column":30},"end":{"line":26,"column":null}},"4":{"start":{"line":27,"column":24},"end":{"line":27,"column":null}},"5":{"start":{"line":28,"column":30},"end":{"line":28,"column":null}},"6":{"start":{"line":29,"column":30},"end":{"line":29,"column":null}},"7":{"start":{"line":31,"column":4},"end":{"line":60,"column":null}},"8":{"start":{"line":32,"column":31},"end":{"line":42,"column":null}},"9":{"start":{"line":33,"column":42},"end":{"line":33,"column":null}},"10":{"start":{"line":34,"column":12},"end":{"line":34,"column":null}},"11":{"start":{"line":35,"column":12},"end":{"line":35,"column":null}},"12":{"start":{"line":36,"column":12},"end":{"line":40,"column":null}},"13":{"start":{"line":37,"column":16},"end":{"line":37,"column":null}},"14":{"start":{"line":39,"column":16},"end":{"line":39,"column":null}},"15":{"start":{"line":41,"column":12},"end":{"line":41,"column":null}},"16":{"start":{"line":44,"column":8},"end":{"line":44,"column":null}},"17":{"start":{"line":48,"column":12},"end":{"line":57,"column":null}},"18":{"start":{"line":49,"column":12},"end":{"line":49,"column":null}},"19":{"start":{"line":50,"column":12},"end":{"line":50,"column":null}},"20":{"start":{"line":51,"column":12},"end":{"line":55,"column":null}},"21":{"start":{"line":52,"column":16},"end":{"line":52,"column":null}},"22":{"start":{"line":54,"column":16},"end":{"line":54,"column":null}},"23":{"start":{"line":56,"column":12},"end":{"line":56,"column":null}},"24":{"start":{"line":59,"column":8},"end":{"line":59,"column":null}},"25":{"start":{"line":59,"column":21},"end":{"line":59,"column":null}},"26":{"start":{"line":62,"column":29},"end":{"line":75,"column":null}},"27":{"start":{"line":63,"column":8},"end":{"line":74,"column":null}},"28":{"start":{"line":64,"column":29},"end":{"line":68,"column":null}},"29":{"start":{"line":70,"column":12},"end":{"line":70,"column":null}},"30":{"start":{"line":72,"column":12},"end":{"line":72,"column":null}},"31":{"start":{"line":73,"column":12},"end":{"line":73,"column":null}},"32":{"start":{"line":77,"column":20},"end":{"line":79,"column":null}},"33":{"start":{"line":78,"column":8},"end":{"line":78,"column":null}},"34":{"start":{"line":81,"column":18},"end":{"line":87,"column":null}},"35":{"start":{"line":89,"column":4},"end":{"line":89,"column":null}}},"fnMap":{"0":{"name":"(anonymous_0)","decl":{"start":{"line":18,"column":13},"end":{"line":18,"column":25}},"loc":{"start":{"line":18,"column":25},"end":{"line":18,"column":null}},"line":18},"1":{"name":"(anonymous_1)","decl":{"start":{"line":21,"column":23},"end":{"line":21,"column":29}},"loc":{"start":{"line":21,"column":29},"end":{"line":23,"column":null}},"line":21},"2":{"name":"AuthProvider","decl":{"start":{"line":25,"column":16},"end":{"line":25,"column":29}},"loc":{"start":{"line":25,"column":74},"end":{"line":90,"column":null}},"line":25},"3":{"name":"(anonymous_3)","decl":{"start":{"line":31,"column":14},"end":{"line":31,"column":20}},"loc":{"start":{"line":31,"column":20},"end":{"line":60,"column":7}},"line":31},"4":{"name":"(anonymous_4)","decl":{"start":{"line":32,"column":31},"end":{"line":32,"column":43}},"loc":{"start":{"line":32,"column":43},"end":{"line":42,"column":null}},"line":32},"5":{"name":"(anonymous_5)","decl":{"start":{"line":48,"column":44},"end":{"line":48,"column":51}},"loc":{"start":{"line":48,"column":71},"end":{"line":57,"column":9}},"line":48},"6":{"name":"(anonymous_6)","decl":{"start":{"line":59,"column":15},"end":{"line":59,"column":21}},"loc":{"start":{"line":59,"column":21},"end":{"line":59,"column":null}},"line":59},"7":{"name":"(anonymous_7)","decl":{"start":{"line":62,"column":29},"end":{"line":62,"column":36}},"loc":{"start":{"line":62,"column":55},"end":{"line":75,"column":null}},"line":62},"8":{"name":"(anonymous_8)","decl":{"start":{"line":77,"column":20},"end":{"line":77,"column":32}},"loc":{"start":{"line":77,"column":32},"end":{"line":79,"column":null}},"line":77}},"branchMap":{"0":{"loc":{"start":{"line":35,"column":20},"end":{"line":35,"column":41}},"type":"binary-expr","locations":[{"start":{"line":35,"column":20},"end":{"line":35,"column":37}},{"start":{"line":35,"column":37},"end":{"line":35,"column":41}}],"line":35},"1":{"loc":{"start":{"line":36,"column":12},"end":{"line":40,"column":null}},"type":"if","locations":[{"start":{"line":36,"column":12},"end":{"line":40,"column":null}},{"start":{"line":38,"column":19},"end":{"line":40,"column":null}}],"line":36},"2":{"loc":{"start":{"line":50,"column":20},"end":{"line":50,"column":41}},"type":"binary-expr","locations":[{"start":{"line":50,"column":20},"end":{"line":50,"column":37}},{"start":{"line":50,"column":37},"end":{"line":50,"column":41}}],"line":50},"3":{"loc":{"start":{"line":51,"column":12},"end":{"line":55,"column":null}},"type":"if","locations":[{"start":{"line":51,"column":12},"end":{"line":55,"column":null}},{"start":{"line":53,"column":19},"end":{"line":55,"column":null}}],"line":51}},"s":{"0":2,"1":2,"2":7,"3":7,"4":7,"5":7,"6":7,"7":7,"8":4,"9":4,"10":4,"11":4,"12":4,"13":2,"14":2,"15":4,"16":4,"17":4,"18":0,"19":0,"20":0,"21":0,"22":0,"23":0,"24":4,"25":4,"26":7,"27":2,"28":2,"29":2,"30":0,"31":0,"32":7,"33":1,"34":7,"35":7},"f":{"0":0,"1":7,"2":7,"3":4,"4":4,"5":0,"6":4,"7":2,"8":1},"b":{"0":[4,2],"1":[2,2],"2":[0,0],"3":[0,0]},"meta":{"lastBranch":4,"lastFunction":9,"lastStatement":36,"seen":{"s:13:6:19:Infinity":0,"f:18:13:18:25":0,"s:21:23:23:Infinity":1,"f:21:23:21:29":1,"s:22:4:22:Infinity":2,"f:25:16:25:29":2,"s:26:30:26:Infinity":3,"s:27:24:27:Infinity":4,"s:28:30:28:Infinity":5,"s:29:30:29:Infinity":6,"s:31:4:60:Infinity":7,"f:31:14:31:20":3,"s:32:31:42:Infinity":8,"f:32:31:32:43":4,"s:33:42:33:Infinity":9,"s:34:12:34:Infinity":10,"s:35:12:35:Infinity":11,"b:35:20:35:37:35:37:35:41":0,"b:36:12:40:Infinity:38:19:40:Infinity":1,"s:36:12:40:Infinity":12,"s:37:16:37:Infinity":13,"s:39:16:39:Infinity":14,"s:41:12:41:Infinity":15,"s:44:8:44:Infinity":16,"s:48:12:57:Infinity":17,"f:48:44:48:51":5,"s:49:12:49:Infinity":18,"s:50:12:50:Infinity":19,"b:50:20:50:37:50:37:50:41":2,"b:51:12:55:Infinity:53:19:55:Infinity":3,"s:51:12:55:Infinity":20,"s:52:16:52:Infinity":21,"s:54:16:54:Infinity":22,"s:56:12:56:Infinity":23,"s:59:8:59:Infinity":24,"f:59:15:59:21":6,"s:59:21:59:Infinity":25,"s:62:29:75:Infinity":26,"f:62:29:62:36":7,"s:63:8:74:Infinity":27,"s:64:29:68:Infinity":28,"s:70:12:70:Infinity":29,"s:72:12:72:Infinity":30,"s:73:12:73:Infinity":31,"s:77:20:79:Infinity":32,"f:77:20:77:32":8,"s:78:8:78:Infinity":33,"s:81:18:87:Infinity":34,"s:89:4:89:Infinity":35}}}
,"/Users/jarkko/_dev/vaibaamo-calendar/app/src/pages/CreateEvent.tsx": {"path":"/Users/jarkko/_dev/vaibaamo-calendar/app/src/pages/CreateEvent.tsx","statementMap":{"0":{"start":{"line":7,"column":26},"end":{"line":7,"column":null}},"1":{"start":{"line":8,"column":10},"end":{"line":8,"column":null}},"2":{"start":{"line":9,"column":30},"end":{"line":9,"column":null}},"3":{"start":{"line":11,"column":32},"end":{"line":18,"column":null}},"4":{"start":{"line":20,"column":4},"end":{"line":27,"column":null}},"5":{"start":{"line":21,"column":8},"end":{"line":25,"column":null}},"6":{"start":{"line":29,"column":25},"end":{"line":53,"column":null}},"7":{"start":{"line":30,"column":8},"end":{"line":30,"column":null}},"8":{"start":{"line":31,"column":8},"end":{"line":31,"column":null}},"9":{"start":{"line":31,"column":19},"end":{"line":31,"column":null}},"10":{"start":{"line":32,"column":8},"end":{"line":32,"column":null}},"11":{"start":{"line":34,"column":8},"end":{"line":52,"column":null}},"12":{"start":{"line":35,"column":30},"end":{"line":44,"column":null}},"13":{"start":{"line":46,"column":12},"end":{"line":46,"column":null}},"14":{"start":{"line":46,"column":23},"end":{"line":46,"column":null}},"15":{"start":{"line":47,"column":12},"end":{"line":47,"column":null}},"16":{"start":{"line":49,"column":12},"end":{"line":49,"column":null}},"17":{"start":{"line":51,"column":12},"end":{"line":51,"column":null}},"18":{"start":{"line":55,"column":25},"end":{"line":60,"column":null}},"19":{"start":{"line":56,"column":8},"end":{"line":59,"column":null}},"20":{"start":{"line":56,"column":29},"end":{"line":59,"column":10}},"21":{"start":{"line":62,"column":4},"end":{"line":154,"column":null}}},"fnMap":{"0":{"name":"CreateEvent","decl":{"start":{"line":6,"column":24},"end":{"line":6,"column":38}},"loc":{"start":{"line":6,"column":38},"end":{"line":156,"column":null}},"line":6},"1":{"name":"(anonymous_1)","decl":{"start":{"line":29,"column":25},"end":{"line":29,"column":32}},"loc":{"start":{"line":29,"column":55},"end":{"line":53,"column":null}},"line":29},"2":{"name":"(anonymous_2)","decl":{"start":{"line":55,"column":25},"end":{"line":55,"column":26}},"loc":{"start":{"line":55,"column":91},"end":{"line":60,"column":null}},"line":55},"3":{"name":"(anonymous_3)","decl":{"start":{"line":56,"column":20},"end":{"line":56,"column":29}},"loc":{"start":{"line":56,"column":29},"end":{"line":59,"column":10}},"line":56}},"branchMap":{"0":{"loc":{"start":{"line":20,"column":4},"end":{"line":27,"column":null}},"type":"if","locations":[{"start":{"line":20,"column":4},"end":{"line":27,"column":null}},{"start":{},"end":{}}],"line":20},"1":{"loc":{"start":{"line":31,"column":8},"end":{"line":31,"column":null}},"type":"if","locations":[{"start":{"line":31,"column":8},"end":{"line":31,"column":null}},{"start":{},"end":{}}],"line":31},"2":{"loc":{"start":{"line":43,"column":38},"end":{"line":43,"column":null}},"type":"cond-expr","locations":[{"start":{"line":43,"column":66},"end":{"line":43,"column":104}},{"start":{"line":43,"column":104},"end":{"line":43,"column":null}}],"line":43},"3":{"loc":{"start":{"line":46,"column":12},"end":{"line":46,"column":null}},"type":"if","locations":[{"start":{"line":46,"column":12},"end":{"line":46,"column":null}},{"start":{},"end":{}}],"line":46},"4":{"loc":{"start":{"line":150,"column":25},"end":{"line":150,"column":null}},"type":"cond-expr","locations":[{"start":{"line":150,"column":35},"end":{"line":150,"column":50}},{"start":{"line":150,"column":50},"end":{"line":150,"column":null}}],"line":150}},"s":{"0":9,"1":9,"2":9,"3":9,"4":9,"5":1,"6":8,"7":1,"8":1,"9":0,"10":1,"11":1,"12":1,"13":1,"14":0,"15":1,"16":0,"17":1,"18":8,"19":4,"20":4,"21":8},"f":{"0":9,"1":1,"2":4,"3":4},"b":{"0":[1,8],"1":[0,1],"2":[0,1],"3":[0,1],"4":[1,7]},"meta":{"lastBranch":5,"lastFunction":4,"lastStatement":22,"seen":{"f:6:24:6:38":0,"s:7:26:7:Infinity":0,"s:8:10:8:Infinity":1,"s:9:30:9:Infinity":2,"s:11:32:18:Infinity":3,"b:20:4:27:Infinity:undefined:undefined:undefined:undefined":0,"s:20:4:27:Infinity":4,"s:21:8:25:Infinity":5,"s:29:25:53:Infinity":6,"f:29:25:29:32":1,"s:30:8:30:Infinity":7,"b:31:8:31:Infinity:undefined:undefined:undefined:undefined":1,"s:31:8:31:Infinity":8,"s:31:19:31:Infinity":9,"s:32:8:32:Infinity":10,"s:34:8:52:Infinity":11,"s:35:30:44:Infinity":12,"b:43:66:43:104:43:104:43:Infinity":2,"b:46:12:46:Infinity:undefined:undefined:undefined:undefined":3,"s:46:12:46:Infinity":13,"s:46:23:46:Infinity":14,"s:47:12:47:Infinity":15,"s:49:12:49:Infinity":16,"s:51:12:51:Infinity":17,"s:55:25:60:Infinity":18,"f:55:25:55:26":2,"s:56:8:59:Infinity":19,"f:56:20:56:29":3,"s:56:29:59:10":20,"s:62:4:154:Infinity":21,"b:150:35:150:50:150:50:150:Infinity":4}}}
,"/Users/jarkko/_dev/vaibaamo-calendar/app/src/pages/EventsList.tsx": {"path":"/Users/jarkko/_dev/vaibaamo-calendar/app/src/pages/EventsList.tsx","statementMap":{"0":{"start":{"line":7,"column":28},"end":{"line":7,"column":null}},"1":{"start":{"line":8,"column":30},"end":{"line":8,"column":null}},"2":{"start":{"line":10,"column":4},"end":{"line":12,"column":null}},"3":{"start":{"line":11,"column":8},"end":{"line":11,"column":null}},"4":{"start":{"line":14,"column":24},"end":{"line":28,"column":null}},"5":{"start":{"line":15,"column":8},"end":{"line":27,"column":null}},"6":{"start":{"line":16,"column":36},"end":{"line":19,"column":null}},"7":{"start":{"line":21,"column":12},"end":{"line":21,"column":null}},"8":{"start":{"line":21,"column":23},"end":{"line":21,"column":null}},"9":{"start":{"line":22,"column":12},"end":{"line":22,"column":null}},"10":{"start":{"line":24,"column":12},"end":{"line":24,"column":null}},"11":{"start":{"line":26,"column":12},"end":{"line":26,"column":null}},"12":{"start":{"line":30,"column":4},"end":{"line":32,"column":null}},"13":{"start":{"line":31,"column":8},"end":{"line":31,"column":null}},"14":{"start":{"line":34,"column":4},"end":{"line":41,"column":null}},"15":{"start":{"line":35,"column":8},"end":{"line":39,"column":null}},"16":{"start":{"line":43,"column":4},"end":{"line":81,"column":null}},"17":{"start":{"line":55,"column":20},"end":{"line":78,"column":null}}},"fnMap":{"0":{"name":"EventsList","decl":{"start":{"line":6,"column":24},"end":{"line":6,"column":37}},"loc":{"start":{"line":6,"column":37},"end":{"line":83,"column":null}},"line":6},"1":{"name":"(anonymous_1)","decl":{"start":{"line":10,"column":14},"end":{"line":10,"column":20}},"loc":{"start":{"line":10,"column":20},"end":{"line":12,"column":7}},"line":10},"2":{"name":"(anonymous_2)","decl":{"start":{"line":14,"column":24},"end":{"line":14,"column":36}},"loc":{"start":{"line":14,"column":36},"end":{"line":28,"column":null}},"line":14},"3":{"name":"(anonymous_3)","decl":{"start":{"line":54,"column":28},"end":{"line":54,"column":29}},"loc":{"start":{"line":55,"column":20},"end":{"line":78,"column":null}},"line":55}},"branchMap":{"0":{"loc":{"start":{"line":21,"column":12},"end":{"line":21,"column":null}},"type":"if","locations":[{"start":{"line":21,"column":12},"end":{"line":21,"column":null}},{"start":{},"end":{}}],"line":21},"1":{"loc":{"start":{"line":22,"column":22},"end":{"line":22,"column":32}},"type":"binary-expr","locations":[{"start":{"line":22,"column":22},"end":{"line":22,"column":30}},{"start":{"line":22,"column":30},"end":{"line":22,"column":32}}],"line":22},"2":{"loc":{"start":{"line":30,"column":4},"end":{"line":32,"column":null}},"type":"if","locations":[{"start":{"line":30,"column":4},"end":{"line":32,"column":null}},{"start":{},"end":{}}],"line":30},"3":{"loc":{"start":{"line":34,"column":4},"end":{"line":41,"column":null}},"type":"if","locations":[{"start":{"line":34,"column":4},"end":{"line":41,"column":null}},{"start":{},"end":{}}],"line":34},"4":{"loc":{"start":{"line":74,"column":37},"end":{"line":74,"column":null}},"type":"binary-expr","locations":[{"start":{"line":74,"column":37},"end":{"line":74,"column":55}},{"start":{"line":74,"column":55},"end":{"line":74,"column":null}}],"line":74}},"s":{"0":5,"1":5,"2":5,"3":3,"4":5,"5":3,"6":3,"7":2,"8":0,"9":2,"10":0,"11":2,"12":5,"13":3,"14":2,"15":1,"16":1,"17":2},"f":{"0":5,"1":3,"2":3,"3":2},"b":{"0":[0,2],"1":[2,0],"2":[3,2],"3":[1,1],"4":[2,2]},"meta":{"lastBranch":5,"lastFunction":4,"lastStatement":18,"seen":{"f:6:24:6:37":0,"s:7:28:7:Infinity":0,"s:8:30:8:Infinity":1,"s:10:4:12:Infinity":2,"f:10:14:10:20":1,"s:11:8:11:Infinity":3,"s:14:24:28:Infinity":4,"f:14:24:14:36":2,"s:15:8:27:Infinity":5,"s:16:36:19:Infinity":6,"b:21:12:21:Infinity:undefined:undefined:undefined:undefined":0,"s:21:12:21:Infinity":7,"s:21:23:21:Infinity":8,"s:22:12:22:Infinity":9,"b:22:22:22:30:22:30:22:32":1,"s:24:12:24:Infinity":10,"s:26:12:26:Infinity":11,"b:30:4:32:Infinity:undefined:undefined:undefined:undefined":2,"s:30:4:32:Infinity":12,"s:31:8:31:Infinity":13,"b:34:4:41:Infinity:undefined:undefined:undefined:undefined":3,"s:34:4:41:Infinity":14,"s:35:8:39:Infinity":15,"s:43:4:81:Infinity":16,"f:54:28:54:29":3,"s:55:20:78:Infinity":17,"b:74:37:74:55:74:55:74:Infinity":4}}}
}
